<?xml version="1.0" encoding="UTF-8"?>
<!-- Generated by org.testng.reporters.JUnitReportReporter -->
<testsuite hostname="Piyush-PC" failures="0" tests="1" name="udemy.Lec_44_Ecommerce_Toast_Msg_Error_Validation" time="18.683" errors="0" timestamp="2024-05-20T12:57:12 IST" skipped="0">
  <testcase classname="udemy.Lec_44_Ecommerce_Toast_Msg_Error_Validation" name="fillForm" time="18.683"/>
</testsuite> <!-- udemy.Lec_44_Ecommerce_Toast_Msg_Error_Validation -->
