<?xml version="1.0" encoding="UTF-8"?>
<!-- Generated by org.testng.reporters.JUnitReportReporter -->
<testsuite hostname="Piyush-PC" failures="0" tests="1" name="udemy.Lec_51_Ecommerce_Handle_InBuiltApp_Browser" time="71.657" errors="0" timestamp="2024-06-05T13:55:11 IST" skipped="0">
  <testcase classname="udemy.Lec_51_Ecommerce_Handle_InBuiltApp_Browser" name="verifyCartProduct" time="71.657"/>
</testsuite> <!-- udemy.Lec_51_Ecommerce_Handle_InBuiltApp_Browser -->
