<?xml version="1.0" encoding="UTF-8"?>
<!-- Generated by org.testng.reporters.JUnitReportReporter -->
<testsuite hostname="Piyush-PC" failures="0" tests="1" name="udemy.Lec_43_Ecommerce_TC_1" time="20.133" errors="0" timestamp="2024-05-20T12:42:33 IST" skipped="0">
  <testcase classname="udemy.Lec_43_Ecommerce_TC_1" name="fillForm" time="20.133"/>
</testsuite> <!-- udemy.Lec_43_Ecommerce_TC_1 -->
