<?xml version="1.0" encoding="UTF-8"?>
<!-- Generated by org.testng.reporters.JUnitReportReporter -->
<testsuite hostname="Piyush-PC" failures="0" tests="1" name="udemy.Lec_27_Optimized_Code" time="4.585" errors="0" timestamp="2024-05-17T17:47:34 IST" skipped="0">
  <testcase classname="udemy.Lec_27_Optimized_Code" name="wifiSettingsName" time="4.585"/>
</testsuite> <!-- udemy.Lec_27_Optimized_Code -->
