<?xml version="1.0" encoding="UTF-8"?>
<!-- Generated by org.testng.reporters.JUnitReportReporter -->
<testsuite hostname="Piyush-PC" failures="0" tests="1" name="udemy.Lec_36_gestures_Scroll" time="10.335" errors="0" timestamp="2024-05-19T19:12:05 IST" skipped="0">
  <testcase classname="udemy.Lec_36_gestures_Scroll" name="scrollGesture" time="10.335"/>
</testsuite> <!-- udemy.Lec_36_gestures_Scroll -->
