<?xml version="1.0" encoding="UTF-8"?>
<!-- Generated by org.testng.reporters.JUnitReportReporter -->
<testsuite hostname="Piyush-PC" failures="0" tests="1" name="udemy.Lec_43_Ecommerce_Form_Filling" time="11.310" errors="0" timestamp="2024-05-24T19:55:23 IST" skipped="0">
  <testcase classname="udemy.Lec_43_Ecommerce_Form_Filling" name="fillForm" time="11.310"/>
</testsuite> <!-- udemy.Lec_43_Ecommerce_Form_Filling -->
