<?xml version="1.0" encoding="UTF-8"?>
<!-- Generated by org.testng.reporters.JUnitReportReporter -->
<testsuite hostname="Piyush-PC" failures="0" tests="1" name="udemy.Lec_40_Copy_To_Clipboard" time="12.322" errors="0" timestamp="2024-05-19T22:29:16 IST" skipped="0">
  <testcase classname="udemy.Lec_40_Copy_To_Clipboard" name="copyToClipboard" time="12.322"/>
</testsuite> <!-- udemy.Lec_40_Copy_To_Clipboard -->
