<?xml version="1.0" encoding="UTF-8"?>
<!-- Generated by org.testng.reporters.JUnitReportReporter -->
<testsuite hostname="Piyush-PC" failures="0" tests="1" name="udemy.Lec_25_Automatically_Trigger_Appium_Server" time="105.934" errors="0" timestamp="2024-05-17T15:55:49 IST" skipped="0">
  <testcase classname="udemy.Lec_25_Automatically_Trigger_Appium_Server" name="appiumTest" time="105.934"/>
</testsuite> <!-- udemy.Lec_25_Automatically_Trigger_Appium_Server -->
