<?xml version="1.0" encoding="UTF-8"?>
<!-- Generated by org.testng.reporters.JUnitReportReporter -->
<testsuite hostname="Piyush-PC" failures="0" tests="1" name="udemy.Lec_47_49_Ecommerce_Validation_Of_Amount" time="37.157" errors="0" timestamp="2024-05-27T17:09:46 IST" skipped="0">
  <testcase classname="udemy.Lec_47_49_Ecommerce_Validation_Of_Amount" name="verifyCartProduct" time="37.157"/>
</testsuite> <!-- udemy.Lec_47_49_Ecommerce_Validation_Of_Amount -->
