<?xml version="1.0" encoding="UTF-8"?>
<!-- Generated by org.testng.reporters.JUnitReportReporter -->
<testsuite hostname="Piyush-PC" failures="0" tests="1" name="udemy.Lec_47_48_Ecommerce_Validation_Of_Amount" time="18.543" errors="0" timestamp="2024-05-20T19:35:33 IST" skipped="0">
  <testcase classname="udemy.Lec_47_48_Ecommerce_Validation_Of_Amount" name="verifyCartProduct" time="18.543"/>
</testsuite> <!-- udemy.Lec_47_48_Ecommerce_Validation_Of_Amount -->
