<?xml version="1.0" encoding="UTF-8"?>
<!-- Generated by org.testng.reporters.JUnitReportReporter -->
<testsuite hostname="Piyush-PC" failures="0" tests="1" name="udemy.Lec_46_Ecommerce_Verify_Cart_Product" time="25.225" errors="0" timestamp="2024-05-20T16:02:26 IST" skipped="0">
  <testcase classname="udemy.Lec_46_Ecommerce_Verify_Cart_Product" name="verifyCartProduct" time="25.225"/>
</testsuite> <!-- udemy.Lec_46_Ecommerce_Verify_Cart_Product -->
