<?xml version="1.0" encoding="UTF-8"?>
<!-- Generated by org.testng.reporters.JUnitReportReporter -->
<testsuite hostname="Piyush-PC" failures="0" tests="1" name="udemy.Lec_45_Ecommerce_Add_To_Cart" time="25.625" errors="0" timestamp="2024-05-20T15:37:47 IST" skipped="0">
  <testcase classname="udemy.Lec_45_Ecommerce_Add_To_Cart" name="addToCart" time="25.625"/>
</testsuite> <!-- udemy.Lec_45_Ecommerce_Add_To_Cart -->
