<?xml version="1.0" encoding="UTF-8"?>
<!-- Generated by org.testng.reporters.JUnitReportReporter -->
<testsuite hostname="Piyush-PC" failures="0" tests="1" name="udemy.Lec_34_gestures_Long_Press" time="12.108" errors="0" timestamp="2024-05-19T14:56:38 IST" skipped="0">
  <testcase classname="udemy.Lec_34_gestures_Long_Press" name="gestureLongPress" time="12.108"/>
</testsuite> <!-- udemy.Lec_34_gestures_Long_Press -->
