<?xml version="1.0" encoding="UTF-8"?>
<!-- Generated by org.testng.reporters.JUnitReportReporter -->
<testsuite hostname="Piyush-PC" failures="0" tests="1" name="udemy.Lec_38_gestures_Drag_And_Drop" time="8.672" errors="0" timestamp="2024-05-19T22:02:44 IST" skipped="0">
  <testcase classname="udemy.Lec_38_gestures_Drag_And_Drop" name="dragAndDrop" time="8.672"/>
</testsuite> <!-- udemy.Lec_38_gestures_Drag_And_Drop -->
