<?xml version="1.0" encoding="UTF-8"?>
<!-- Generated by org.testng.reporters.JUnitReportReporter -->
<testsuite hostname="Piyush-PC" failures="0" tests="1" name="udemy.Lec_41_Package_And_Activity" time="6.284" errors="0" timestamp="2024-05-20T11:56:56 IST" skipped="0">
  <testcase classname="udemy.Lec_41_Package_And_Activity" name="packageAndActivityTest" time="6.284"/>
</testsuite> <!-- udemy.Lec_41_Package_And_Activity -->
