<?xml version="1.0" encoding="UTF-8"?>
<!-- Generated by org.testng.reporters.JUnitReportReporter -->
<testsuite hostname="Piyush-PC" failures="0" tests="1" name="udemy.Lec_24_AppiumBasics" time="33.190" errors="0" timestamp="2024-05-18T13:47:04 IST" skipped="0">
  <testcase classname="udemy.Lec_24_AppiumBasics" name="appiumTest" time="33.190"/>
</testsuite> <!-- udemy.Lec_24_AppiumBasics -->
