<?xml version="1.0" encoding="UTF-8"?>
<!-- Generated by org.testng.reporters.JUnitReportReporter -->
<testsuite hostname="Piyush-PC" failures="0" tests="1" name="udemy.Lec_35_gestures_Long_Press_Optimized" time="10.402" errors="0" timestamp="2024-05-19T15:10:19 IST" skipped="0">
  <testcase classname="udemy.Lec_35_gestures_Long_Press_Optimized" name="gestureLongPress" time="10.402"/>
</testsuite> <!-- udemy.Lec_35_gestures_Long_Press_Optimized -->
