<?xml version="1.0" encoding="UTF-8"?>
<!-- Generated by org.testng.reporters.JUnitReportReporter -->
<testsuite hostname="Piyush-PC" failures="0" tests="1" name="udemy.Lec_33_Assertion_GetTextMethod" time="18.353" errors="0" timestamp="2024-05-18T12:18:59 IST" skipped="0">
  <testcase classname="udemy.Lec_33_Assertion_GetTextMethod" name="wifiSettingsName" time="18.353"/>
</testsuite> <!-- udemy.Lec_33_Assertion_GetTextMethod -->
