<?xml version="1.0" encoding="UTF-8"?>
<!-- Generated by org.testng.reporters.JUnitReportReporter -->
<testsuite hostname="Piyush-PC" failures="0" tests="1" name="udemy.Lec_26_Appium_Inspector" time="69.648" errors="0" timestamp="2024-05-17T16:58:57 IST" skipped="0">
  <testcase classname="udemy.Lec_26_Appium_Inspector" name="appiumTest" time="69.648"/>
</testsuite> <!-- udemy.Lec_26_Appium_Inspector -->
