<?xml version="1.0" encoding="UTF-8"?>
<!-- Generated by org.testng.reporters.JUnitReportReporter -->
<testsuite hostname="Piyush-PC" failures="0" tests="1" name="udemy.Lec_37_gestures_Swipe" time="7.741" errors="0" timestamp="2024-05-19T21:31:29 IST" skipped="0">
  <testcase classname="udemy.Lec_37_gestures_Swipe" name="swipeGesture" time="7.741"/>
</testsuite> <!-- udemy.Lec_37_gestures_Swipe -->
