<?xml version="1.0" encoding="UTF-8"?>
<!-- Generated by org.testng.reporters.JUnitReportReporter -->
<testsuite hostname="Piyush-PC" failures="0" tests="1" name="udemy.Lec_31_Further_Testing_After_27" time="10.948" errors="0" timestamp="2024-05-17T20:50:30 IST" skipped="0">
  <testcase classname="udemy.Lec_31_Further_Testing_After_27" name="wifiSettingsName" time="10.948"/>
</testsuite> <!-- udemy.Lec_31_Further_Testing_After_27 -->
