<?xml version="1.0" encoding="UTF-8"?>
<!-- Generated by org.testng.reporters.JUnitReportReporter -->
<testsuite hostname="Piyush-PC" failures="0" tests="1" name="udemy.Lec_40_Landscape_Mode" time="17.529" errors="0" timestamp="2024-05-19T22:22:12 IST" skipped="0">
  <testcase classname="udemy.Lec_40_Landscape_Mode" name="wifiSettingsName" time="17.529"/>
</testsuite> <!-- udemy.Lec_40_Landscape_Mode -->
