<?xml version="1.0" encoding="UTF-8"?>
<!-- Generated by org.testng.reporters.JUnitReportReporter -->
<testsuite hostname="Piyush-PC" failures="0" tests="1" name="udemy.Lec_31_32_Further_Testing_After_27" time="14.182" errors="0" timestamp="2024-05-17T21:05:20 IST" skipped="0">
  <testcase classname="udemy.Lec_31_32_Further_Testing_After_27" name="wifiSettingsName" time="14.182"/>
</testsuite> <!-- udemy.Lec_31_32_Further_Testing_After_27 -->
