<?xml version="1.0" encoding="UTF-8"?>
<!-- Generated by org.testng.reporters.JUnitReportReporter -->
<testsuite hostname="Piyush-PC" failures="0" tests="1" name="udemy.Lec_40_Android_Key_Action" time="17.045" errors="0" timestamp="2024-05-20T11:32:36 IST" skipped="0">
  <testcase classname="udemy.Lec_40_Android_Key_Action" name="androidKeyActions" time="17.045"/>
</testsuite> <!-- udemy.Lec_40_Android_Key_Action -->
