<?xml version="1.0" encoding="UTF-8"?>
<!-- Generated by org.testng.reporters.JUnitReportReporter -->
<testsuite hostname="Piyush-PC" failures="0" tests="1" name="udemy.Lec_36_gestures_Scroll_Method_2" time="35.428" errors="0" timestamp="2024-05-19T19:44:27 IST" skipped="0">
  <testcase classname="udemy.Lec_36_gestures_Scroll_Method_2" name="scrollGesture" time="35.428"/>
</testsuite> <!-- udemy.Lec_36_gestures_Scroll_Method_2 -->
